#
# There is insufficient memory for the Java Runtime Environment to continue.
# Native memory allocation (mmap) failed to map 201326592 bytes for G1 virtual space
# Possible reasons:
#   The system is out of physical RAM or swap space
#   The process is running with CompressedOops enabled, and the Java Heap may be blocking the growth of the native heap
# Possible solutions:
#   Reduce memory load on the system
#   Increase physical memory or swap space
#   Check if swap backing store is full
#   Decrease Java heap size (-Xmx/-Xms)
#   Decrease number of Java threads
#   Decrease Java thread stack sizes (-Xss)
#   Set larger code cache with -XX:ReservedCodeCacheSize=
#   JVM is running with Zero Based Compressed Oops mode in which the Java heap is
#     placed in the first 32GB address space. The Java Heap base address is the
#     maximum limit for the native heap growth. Please use -XX:HeapBaseMinAddress
#     to set the Java Heap base and to place the Java Heap above 32GB virtual address.
# This output file may be truncated or incomplete.
#
#  Out of Memory Error (os_windows.cpp:3600), pid=21512, tid=19800
#
# JRE version:  (21.0.1+12) (build )
# Java VM: OpenJDK 64-Bit Server VM (21.0.1+12-LTS, mixed mode, sharing, tiered, compressed oops, compressed class ptrs, g1 gc, windows-amd64)
# No core dump will be written. Minidumps are not enabled by default on client versions of Windows
#

---------------  S U M M A R Y ------------

Command Line: -Dfile.encoding=UTF-8 -Dstdout.encoding=UTF-8 -Dstderr.encoding=UTF-8 --module-path=C:\Users\HP\eclipse-workspace\GestaoVendaEletronicos\bin -XX:+ShowCodeDetailsInExceptionMessages -Djdk.module.main=GestaoVendaEletronicos GestaoVendaEletronicos/gregorio.veiw.GestaoVendaEletronicos

Host: Intel(R) Core(TM) i5-8265U CPU @ 1.60GHz, 8 cores, 11G,  Windows 11 , 64 bit Build 22621 (10.0.22621.3085)
Time: Mon Apr  1 14:29:43 2024 South Africa Standard Time elapsed time: 0.019944 seconds (0d 0h 0m 0s)

---------------  T H R E A D  ---------------

Current thread (0x0000021a4ec88e10):  JavaThread "Unknown thread" [_thread_in_vm, id=19800, stack(0x0000003263d00000,0x0000003263e00000) (1024K)]

Stack: [0x0000003263d00000,0x0000003263e00000]
Native frames: (J=compiled Java code, j=interpreted, Vv=VM code, C=native code)
V  [jvm.dll+0x6cea19]
V  [jvm.dll+0x8a9ef1]
V  [jvm.dll+0x8ac1ce]
V  [jvm.dll+0x8ac8b3]
V  [jvm.dll+0x283e46]
V  [jvm.dll+0x6cb105]
V  [jvm.dll+0x6bfafa]
V  [jvm.dll+0x35915a]
V  [jvm.dll+0x360d36]
V  [jvm.dll+0x3b1b1e]
V  [jvm.dll+0x3b1dc8]
V  [jvm.dll+0x32caac]
V  [jvm.dll+0x32d63b]
V  [jvm.dll+0x872229]
V  [jvm.dll+0x3bee51]
V  [jvm.dll+0x85aaa8]
V  [jvm.dll+0x452a5e]
V  [jvm.dll+0x454521]
C  [jli.dll+0x52a3]
C  [ucrtbase.dll+0x29363]
C  [KERNEL32.DLL+0x1257d]
C  [ntdll.dll+0x5aa58]


---------------  P R O C E S S  ---------------

Threads class SMR info:
_java_thread_list=0x00007ffc4db79088, length=0, elements={
}

Java Threads: ( => current thread )
Total: 0

Other Threads:
  0x0000021a50e76490 WorkerThread "GC Thread#0"                     [id=12068, stack(0x0000003263e00000,0x0000003263f00000) (1024K)]
  0x0000021a50e83c70 ConcurrentGCThread "G1 Main Marker"            [id=12396, stack(0x0000003263f00000,0x0000003264000000) (1024K)]
  0x0000021a50e85720 WorkerThread "G1 Conc#0"                       [id=11216, stack(0x0000003264000000,0x0000003264100000) (1024K)]

[error occurred during error reporting (printing all threads), id 0xc0000005, EXCEPTION_ACCESS_VIOLATION (0xc0000005) at pc=0x00007ffc4d27fc37]
VM state: not at safepoint (not fully initialized)

VM Mutex/Monitor currently owned by a thread:  ([mutex/lock_event])
[0x00007ffc4dbecb28] Heap_lock - owner thread: 0x0000021a4ec88e10

Heap address: 0x0000000741c00000, size: 3044 MB, Compressed Oops mode: Zero based, Oop shift amount: 3

CDS archive(s) mapped at: [0x0000000000000000-0x0000000000000000-0x0000000000000000), size 0, SharedBaseAddress: 0x0000000800000000, ArchiveRelocationMode: 1.
Narrow klass base: 0x0000000000000000, Narrow klass shift: 0, Narrow klass range: 0x0

GC Precious Log:
 CardTable entry size: 512
 Card Set container configuration: InlinePtr #cards 4 size 8 Array Of Cards #cards 16 size 48 Howl #buckets 8 coarsen threshold 3686 Howl Bitmap #cards 512 size 80 coarsen threshold 460 Card regions per heap region 1 cards per card region 4096

Heap:
 garbage-first heap   total 0K, used 0K [0x0000000741c00000, 0x0000000800000000)
  region size 2048K, 0 young (0K), 0 survivors (0K)

[error occurred during error reporting (printing heap information), id 0xc0000005, EXCEPTION_ACCESS_VIOLATION (0xc0000005) at pc=0x00007ffc4d667739]
GC Heap History (0 events):
No events

Dll operation events (1 events):
Event: 0.014 Loaded shared library C:\Program Files\Zulu\zulu-21\bin\java.dll

Deoptimization events (0 events):
No events

Classes loaded (0 events):
No events

Classes unloaded (0 events):
No events

Classes redefined (0 events):
No events

Internal exceptions (0 events):
No events

ZGC Phase Switch (0 events):
No events

VM Operations (0 events):
No events

Events (0 events):
No events


Dynamic libraries:
0x00007ff68e3c0000 - 0x00007ff68e3ce000 	C:\Program Files\Zulu\zulu-21\bin\javaw.exe
0x00007ffcb9510000 - 0x00007ffcb9727000 	C:\WINDOWS\SYSTEM32\ntdll.dll
0x00007ffcb7f10000 - 0x00007ffcb7fd4000 	C:\WINDOWS\System32\KERNEL32.DLL
0x00007ffcb6c00000 - 0x00007ffcb6fa6000 	C:\WINDOWS\System32\KERNELBASE.dll
0x00007ffcb68c0000 - 0x00007ffcb69d1000 	C:\WINDOWS\System32\ucrtbase.dll
0x00007ffc924d0000 - 0x00007ffc924eb000 	C:\Program Files\Zulu\zulu-21\bin\VCRUNTIME140.dll
0x00007ffc924b0000 - 0x00007ffc924c8000 	C:\Program Files\Zulu\zulu-21\bin\jli.dll
0x00007ffcb8c20000 - 0x00007ffcb8dce000 	C:\WINDOWS\System32\USER32.dll
0x00007ffcb7110000 - 0x00007ffcb7136000 	C:\WINDOWS\System32\win32u.dll
0x00007ffcb7fe0000 - 0x00007ffcb8009000 	C:\WINDOWS\System32\GDI32.dll
0x00007ffc918c0000 - 0x00007ffc91b53000 	C:\WINDOWS\WinSxS\amd64_microsoft.windows.common-controls_6595b64144ccf1df_6.0.22621.2506_none_270c5ae97388e100\COMCTL32.dll
0x00007ffcb7140000 - 0x00007ffcb7258000 	C:\WINDOWS\System32\gdi32full.dll
0x00007ffcb82d0000 - 0x00007ffcb8377000 	C:\WINDOWS\System32\msvcrt.dll
0x00007ffcb7070000 - 0x00007ffcb710a000 	C:\WINDOWS\System32\msvcp_win.dll
0x00007ffcb8290000 - 0x00007ffcb82c1000 	C:\WINDOWS\System32\IMM32.DLL
0x00007ffcab750000 - 0x00007ffcab75c000 	C:\Program Files\Zulu\zulu-21\bin\vcruntime140_1.dll
0x00007ffc92420000 - 0x00007ffc924ae000 	C:\Program Files\Zulu\zulu-21\bin\msvcp140.dll
0x00007ffc4cf40000 - 0x00007ffc4dccd000 	C:\Program Files\Zulu\zulu-21\bin\server\jvm.dll
0x00007ffcb8120000 - 0x00007ffcb81d3000 	C:\WINDOWS\System32\ADVAPI32.dll
0x00007ffcb8070000 - 0x00007ffcb8118000 	C:\WINDOWS\System32\sechost.dll
0x00007ffcb6bd0000 - 0x00007ffcb6bf8000 	C:\WINDOWS\System32\bcrypt.dll
0x00007ffcb93b0000 - 0x00007ffcb94c7000 	C:\WINDOWS\System32\RPCRT4.dll
0x00007ffcb7e30000 - 0x00007ffcb7ea1000 	C:\WINDOWS\System32\WS2_32.dll
0x00007ffcb6720000 - 0x00007ffcb676d000 	C:\WINDOWS\SYSTEM32\POWRPROF.dll
0x00007ffca86c0000 - 0x00007ffca86f4000 	C:\WINDOWS\SYSTEM32\WINMM.dll
0x00007ffcb1c80000 - 0x00007ffcb1c8a000 	C:\WINDOWS\SYSTEM32\VERSION.dll
0x00007ffcb6700000 - 0x00007ffcb6713000 	C:\WINDOWS\SYSTEM32\UMPDC.dll
0x00007ffcb5890000 - 0x00007ffcb58a8000 	C:\WINDOWS\SYSTEM32\kernel.appcore.dll
0x00007ffcabe50000 - 0x00007ffcabe5a000 	C:\Program Files\Zulu\zulu-21\bin\jimage.dll
0x00007ffcb4190000 - 0x00007ffcb43c3000 	C:\WINDOWS\SYSTEM32\DBGHELP.DLL
0x00007ffcb8dd0000 - 0x00007ffcb9159000 	C:\WINDOWS\System32\combase.dll
0x00007ffcb9170000 - 0x00007ffcb9247000 	C:\WINDOWS\System32\OLEAUT32.dll
0x00007ffcb1d10000 - 0x00007ffcb1d42000 	C:\WINDOWS\SYSTEM32\dbgcore.DLL
0x00007ffcb6b50000 - 0x00007ffcb6bca000 	C:\WINDOWS\System32\bcryptPrimitives.dll
0x00007ffcabe30000 - 0x00007ffcabe4f000 	C:\Program Files\Zulu\zulu-21\bin\java.dll

dbghelp: loaded successfully - version: 4.0.5 - missing functions: none
symbol engine: initialized successfully - sym options: 0x614 - pdb path: .;C:\Program Files\Zulu\zulu-21\bin;C:\WINDOWS\SYSTEM32;C:\WINDOWS\WinSxS\amd64_microsoft.windows.common-controls_6595b64144ccf1df_6.0.22621.2506_none_270c5ae97388e100;C:\Program Files\Zulu\zulu-21\bin\server

VM Arguments:
jvm_args: -Dfile.encoding=UTF-8 -Dstdout.encoding=UTF-8 -Dstderr.encoding=UTF-8 --module-path=C:\Users\HP\eclipse-workspace\GestaoVendaEletronicos\bin -XX:+ShowCodeDetailsInExceptionMessages -Djdk.module.main=GestaoVendaEletronicos 
java_command: GestaoVendaEletronicos/gregorio.veiw.GestaoVendaEletronicos
java_class_path (initial): <not set>
Launcher Type: SUN_STANDARD

[Global flags]
     intx CICompilerCount                          = 4                                         {product} {ergonomic}
     uint ConcGCThreads                            = 2                                         {product} {ergonomic}
     uint G1ConcRefinementThreads                  = 8                                         {product} {ergonomic}
   size_t G1HeapRegionSize                         = 2097152                                   {product} {ergonomic}
    uintx GCDrainStackTargetSize                   = 64                                        {product} {ergonomic}
   size_t InitialHeapSize                          = 201326592                                 {product} {ergonomic}
   size_t MarkStackSize                            = 4194304                                   {product} {ergonomic}
   size_t MaxHeapSize                              = 3191865344                                {product} {ergonomic}
   size_t MinHeapDeltaBytes                        = 2097152                                   {product} {ergonomic}
   size_t MinHeapSize                              = 8388608                                   {product} {ergonomic}
    uintx NonNMethodCodeHeapSize                   = 5839372                                {pd product} {ergonomic}
    uintx NonProfiledCodeHeapSize                  = 122909434                              {pd product} {ergonomic}
    uintx ProfiledCodeHeapSize                     = 122909434                              {pd product} {ergonomic}
    uintx ReservedCodeCacheSize                    = 251658240                              {pd product} {ergonomic}
     bool SegmentedCodeCache                       = true                                      {product} {ergonomic}
     bool ShowCodeDetailsInExceptionMessages       = true                                   {manageable} {command line}
   size_t SoftMaxHeapSize                          = 3191865344                             {manageable} {ergonomic}
     bool UseCompressedOops                        = true                           {product lp64_product} {ergonomic}
     bool UseG1GC                                  = true                                      {product} {ergonomic}
     bool UseLargePagesIndividualAllocation        = false                                  {pd product} {ergonomic}

Logging:
Log output configuration:
 #0: stdout all=warning uptime,level,tags foldmultilines=false
 #1: stderr all=off uptime,level,tags foldmultilines=false

Environment Variables:
PATH=C:/Program Files/Zulu/zulu-21/bin/server;C:/Program Files/Zulu/zulu-21/bin;C:\Program Files\Zulu\zulu-21\bin\;C:\WINDOWS\system32;C:\WINDOWS;C:\WINDOWS\System32\Wbem;C:\WINDOWS\System32\WindowsPowerShell\v1.0\;C:\WINDOWS\System32\OpenSSH\;C:\Program Files\Git\cmd;C:\Users\HP\AppData\Local\Microsoft\WindowsApps;C:\Users\HP\AppData\Local\GitHubDesktop\bin;C:\Users\HP\AppData\Local\Programs\Microsoft VS Code\bin;C:\Users\HP\eclipse\java-2024-032\eclipse;
USERNAME=GREG
OS=Windows_NT
PROCESSOR_IDENTIFIER=Intel64 Family 6 Model 142 Stepping 11, GenuineIntel
TMP=C:\Users\HP\AppData\Local\Temp
TEMP=C:\Users\HP\AppData\Local\Temp




Periodic native trim disabled

---------------  S Y S T E M  ---------------

OS:
 Windows 11 , 64 bit Build 22621 (10.0.22621.3085)
OS uptime: 5 days 19:46 hours

CPU: total 8 (initial active 8) (4 cores per cpu, 2 threads per core) family 6 model 142 stepping 11 microcode 0xde, cx8, cmov, fxsr, ht, mmx, 3dnowpref, sse, sse2, sse3, ssse3, sse4.1, sse4.2, popcnt, lzcnt, tsc, tscinvbit, avx, avx2, aes, erms, clmul, bmi1, bmi2, adx, fma, vzeroupper, clflush, clflushopt, rdtscp, f16c
Processor Information for processor 0
  Max Mhz: 1800, Current Mhz: 1600, Mhz Limit: 1584
Processor Information for processor 1
  Max Mhz: 1800, Current Mhz: 1500, Mhz Limit: 1584
Processor Information for processor 2
  Max Mhz: 1800, Current Mhz: 1600, Mhz Limit: 1584
Processor Information for processor 3
  Max Mhz: 1800, Current Mhz: 1500, Mhz Limit: 1584
Processor Information for processor 4
  Max Mhz: 1800, Current Mhz: 1600, Mhz Limit: 1584
Processor Information for processor 5
  Max Mhz: 1800, Current Mhz: 1600, Mhz Limit: 1584
Processor Information for processor 6
  Max Mhz: 1800, Current Mhz: 1500, Mhz Limit: 1584
Processor Information for processor 7
  Max Mhz: 1800, Current Mhz: 1500, Mhz Limit: 1584

Memory: 4k page, system-wide physical 12174M (2885M free)
TotalPageFile size 27314M (AvailPageFile size 154M)
current process WorkingSet (physical memory assigned to process): 11M, peak: 11M
current process commit charge ("private bytes"): 60M, peak: 252M

vm_info: OpenJDK 64-Bit Server VM (21.0.1+12-LTS) for windows-amd64 JRE (21.0.1+12-LTS) (Zulu21.30+15-CA), built on 2023-10-11T21:38:38Z by "zulu_re" with MS VC++ 17.1 (VS2022)

END.
